
============================================================
  🤖 Telegram Alert Bot Started
============================================================
  Asset: BTC/USD
  Interval: 15s
  Spread threshold: 0.2%
  Change alert: 2.0% in 5min
  Cooldown: 300s
  Status updates: Every 30s
============================================================
  Press Ctrl+C to stop
============================================================

  [20:02:17] $87,695.46 | Spread: 0.152% | Alerts: 0 📤
  [20:02:34] $87,692.97 | Spread: 0.157% | Alerts: 0
  [20:02:51] $87,708.43 | Spread: 0.179% | Alerts: 0 📤
  [20:03:08] $87,700.70 | Spread: 0.164% | Alerts: 0
  [20:03:25] $87,722.06 | Spread: 0.164% | Alerts: 0 📤
  [20:03:42] $87,729.70 | Spread: 0.141% | Alerts: 0
  [20:03:58] $87,720.88 | Spread: 0.153% | Alerts: 0 📤
  [20:04:15] $87,709.66 | Spread: 0.128% | Alerts: 0
  [20:04:32] $87,706.45 | Spread: 0.163% | Alerts: 0 📤
  [20:04:49] $87,722.40 | Spread: 0.161% | Alerts: 0
  [20:05:05] $87,720.68 | Spread: 0.157% | Alerts: 0 📤
  [20:05:22] $87,702.35 | Spread: 0.098% | Alerts: 0
  [20:05:39] $87,671.71 | Spread: 0.150% | Alerts: 0 📤
  [20:05:55] $87,681.55 | Spread: 0.150% | Alerts: 0
  [20:06:12] $87,666.13 | Spread: 0.141% | Alerts: 0 📤
  [20:06:29] $87,669.57 | Spread: 0.133% | Alerts: 0
  [20:06:45] $87,666.64 | Spread: 0.157% | Alerts: 0 📤
  [20:07:02] $87,664.24 | Spread: 0.144% | Alerts: 0
  [20:07:19] $87,679.08 | Spread: 0.159% | Alerts: 0 📤
  [20:07:36] $87,677.68 | Spread: 0.162% | Alerts: 0
  [20:07:52] $87,701.82 | Spread: 0.190% | Alerts: 0 📤
  [20:08:09] $87,726.89 | Spread: 0.166% | Alerts: 0
  [20:08:25] $87,695.10 | Spread: 0.198% | Alerts: 0 📤
  [20:08:43] $87,735.31 | Spread: 0.156% | Alerts: 0
  [20:08:59] $87,742.44 | Spread: 0.157% | Alerts: 0 📤
  [20:09:16] $87,756.03 | Spread: 0.170% | Alerts: 0
  [20:09:33] $87,711.74 | Spread: 0.195% | Alerts: 0 📤
  [20:09:50] $87,720.78 | Spread: 0.150% | Alerts: 0
  [20:10:06] $87,714.01 | Spread: 0.112% | Alerts: 0 📤
  [20:10:23] $87,698.19 | Spread: 0.190% | Alerts: 0
  [20:10:40] $87,699.81 | Spread: 0.152% | Alerts: 0 📤
  [20:10:57] $87,733.56 | Spread: 0.163% | Alerts: 0
  [20:11:13] $87,748.77 | Spread: 0.173% | Alerts: 0 📤
  [20:11:29] $87,754.72 | Spread: 0.143% | Alerts: 0
  [20:11:46] $87,744.42 | Spread: 0.153% | Alerts: 0 📤
  [20:12:03] $87,733.82 | Spread: 0.173% | Alerts: 0
  [20:12:19] $87,776.38 | Spread: 0.167% | Alerts: 0 📤
  [20:12:36] $87,786.13 | Spread: 0.145% | Alerts: 0
  [20:12:53] $87,784.94 | Spread: 0.158% | Alerts: 0 📤
  [20:13:09] $87,803.00 | Spread: 0.153% | Alerts: 0
  [20:13:26] $87,760.23 | Spread: 0.149% | Alerts: 0 📤
  [20:13:43] $87,785.26 | Spread: 0.119% | Alerts: 0
  [20:13:59] $87,766.82 | Spread: 0.141% | Alerts: 0 📤
  [20:14:16] $87,760.22 | Spread: 0.157% | Alerts: 0
  [20:14:33] $87,752.14 | Spread: 0.135% | Alerts: 0 📤
  [20:14:49] $87,744.37 | Spread: 0.147% | Alerts: 0
  [20:15:06] $87,728.69 | Spread: 0.131% | Alerts: 0 📤
  [20:15:23] $87,718.01 | Spread: 0.160% | Alerts: 0
  [20:15:39] $87,724.04 | Spread: 0.158% | Alerts: 0 📤
  [20:15:56] $87,725.52 | Spread: 0.159% | Alerts: 0
  [20:16:12] $87,730.95 | Spread: 0.171% | Alerts: 0 📤
  [20:16:29] $87,733.48 | Spread: 0.152% | Alerts: 0
  [20:16:46] $87,716.00 | Spread: 0.152% | Alerts: 0 📤
  [20:17:03] $87,730.78 | Spread: 0.158% | Alerts: 0
  [20:17:20] $87,731.99 | Spread: 0.155% | Alerts: 0 📤
  [20:17:36] $87,728.00 | Spread: 0.146% | Alerts: 0
  [20:17:53] $87,712.06 | Spread: 0.145% | Alerts: 0 📤
  [20:18:10] $87,714.87 | Spread: 0.148% | Alerts: 0
  [20:18:26] $87,707.84 | Spread: 0.164% | Alerts: 0 📤
  [20:18:43] $87,714.88 | Spread: 0.148% | Alerts: 0
  [20:18:59] $87,710.30 | Spread: 0.163% | Alerts: 0 📤
  [20:19:16] $87,731.51 | Spread: 0.154% | Alerts: 0
  [20:19:33] $87,724.05 | Spread: 0.158% | Alerts: 0 📤
  [20:19:50] $87,721.71 | Spread: 0.163% | Alerts: 0
  [20:20:06] $87,708.80 | Spread: 0.154% | Alerts: 0 📤
  [20:20:23] $87,730.20 | Spread: 0.144% | Alerts: 0
  [20:20:40] $87,748.96 | Spread: 0.187% | Alerts: 0 📤
  [20:20:57] $87,748.51 | Spread: 0.124% | Alerts: 0
  [20:21:13] $87,711.89 | Spread: 0.117% | Alerts: 0 📤
  [20:21:30] $87,713.06 | Spread: 0.153% | Alerts: 0
  [20:21:46] $87,714.99 | Spread: 0.148% | Alerts: 0 📤
  [20:22:03] $87,700.52 | Spread: 0.115% | Alerts: 0
  [20:22:19] $87,699.01 | Spread: 0.112% | Alerts: 0 📤
  [20:22:36] $87,671.78 | Spread: 0.140% | Alerts: 0
  [20:22:53] $87,669.99 | Spread: 0.110% | Alerts: 0 📤
  [20:23:09] $87,652.14 | Spread: 0.150% | Alerts: 0
  [20:23:26] $87,664.09 | Spread: 0.184% | Alerts: 0 📤
  [20:23:43] $87,683.68 | Spread: 0.160% | Alerts: 0
  [20:23:59] $87,698.85 | Spread: 0.165% | Alerts: 0 📤
  [20:24:16] $87,707.57 | Spread: 0.160% | Alerts: 0
  [20:24:33] $87,707.57 | Spread: 0.160% | Alerts: 0 📤
  [20:24:50] $87,678.72 | Spread: 0.170% | Alerts: 0
  [20:25:06] $87,666.77 | Spread: 0.145% | Alerts: 0 📤
  [20:25:23] $87,669.79 | Spread: 0.164% | Alerts: 0
  [20:25:40] $87,665.09 | Spread: 0.153% | Alerts: 0 📤
  [20:25:56] $87,638.13 | Spread: 0.110% | Alerts: 0
  [20:26:13] $87,600.72 | Spread: 0.163% | Alerts: 0 📤
  [20:26:30] $87,617.73 | Spread: 0.191% | Alerts: 0
  [20:26:46] $87,638.11 | Spread: 0.172% | Alerts: 0 📤
  [20:27:03] $87,652.05 | Spread: 0.167% | Alerts: 0
  [20:27:20] $87,667.74 | Spread: 0.187% | Alerts: 0 📤
  [20:27:37] $87,681.23 | Spread: 0.180% | Alerts: 0
  [20:27:53] $87,691.80 | Spread: 0.156% | Alerts: 0 📤
  [20:28:10] $87,687.06 | Spread: 0.148% | Alerts: 0
  [20:28:26] $87,651.04 | Spread: 0.184% | Alerts: 0 📤
  [20:28:43] $87,682.85 | Spread: 0.146% | Alerts: 0
  [20:28:59] $87,676.42 | Spread: 0.161% | Alerts: 0 📤
  [20:29:16] $87,675.54 | Spread: 0.162% | Alerts: 0
  [20:29:32] $87,655.27 | Spread: 0.156% | Alerts: 0 📤
  [20:29:49] $87,672.96 | Spread: 0.153% | Alerts: 0
  [20:30:06] $87,679.65 | Spread: 0.146% | Alerts: 0 📤
  [20:30:23] $87,673.08 | Spread: 0.154% | Alerts: 0
  [20:30:40] $87,667.06 | Spread: 0.153% | Alerts: 0 📤
  [20:30:56] $87,648.29 | Spread: 0.125% | Alerts: 0
  [20:31:13] $87,648.70 | Spread: 0.171% | Alerts: 0 📤
  [20:31:30] $87,654.17 | Spread: 0.158% | Alerts: 0
  [20:31:47] $87,645.00 | Spread: 0.126% | Alerts: 0 📤
  [20:32:03] $87,622.71 | Spread: 0.127% | Alerts: 0
  [20:32:20] $87,626.81 | Spread: 0.186% | Alerts: 0 📤
  [20:32:36] $87,641.55 | Spread: 0.171% | Alerts: 0
  [20:32:53] $87,648.00 | Spread: 0.173% | Alerts: 0 📤
  [20:33:09] $87,651.30 | Spread: 0.146% | Alerts: 0
  [20:33:26] $87,649.09 | Spread: 0.171% | Alerts: 0 📤
  [20:33:43] $87,642.24 | Spread: 0.156% | Alerts: 0
  [20:33:59] $87,634.19 | Spread: 0.151% | Alerts: 0 📤
  [20:34:16] $87,615.27 | Spread: 0.154% | Alerts: 0
  [20:34:33] $87,628.86 | Spread: 0.154% | Alerts: 0 📤
  [20:34:50] $87,617.44 | Spread: 0.154% | Alerts: 0
  [20:35:07] $87,611.45 | Spread: 0.162% | Alerts: 0 📤
  [20:35:24] $87,599.74 | Spread: 0.181% | Alerts: 0
  [20:35:40] $87,620.65 | Spread: 0.162% | Alerts: 0 📤
  [20:35:57] $87,624.50 | Spread: 0.154% | Alerts: 0
  [20:36:14] $87,621.87 | Spread: 0.160% | Alerts: 0 📤
  [20:36:31] $87,606.91 | Spread: 0.164% | Alerts: 0
  [20:36:48] $87,611.23 | Spread: 0.160% | Alerts: 0 📤
  [20:37:05] $87,610.22 | Spread: 0.168% | Alerts: 0
  [20:37:22] $87,616.39 | Spread: 0.141% | Alerts: 0 📤
  [20:37:39] $87,597.17 | Spread: 0.175% | Alerts: 0
  [20:37:55] $87,617.76 | Spread: 0.168% | Alerts: 0 📤
  [20:38:12] $87,612.56 | Spread: 0.131% | Alerts: 0
  [20:38:28] $87,604.29 | Spread: 0.138% | Alerts: 0 📤
  [20:38:45] $87,579.99 | Spread: 0.144% | Alerts: 0
  [20:39:02] $87,568.55 | Spread: 0.143% | Alerts: 0 📤
  [20:39:18] $87,568.45 | Spread: 0.181% | Alerts: 0
  [20:39:35] $87,579.44 | Spread: 0.156% | Alerts: 0 📤
  [20:39:52] $87,585.35 | Spread: 0.153% | Alerts: 0
  [20:40:08] $87,581.21 | Spread: 0.163% | Alerts: 0 📤
  [20:40:25] $87,582.90 | Spread: 0.164% | Alerts: 0
  [20:40:41] $87,583.63 | Spread: 0.166% | Alerts: 0 📤
  [20:40:58] $87,603.49 | Spread: 0.211% | Alerts: 0  📊 Spread alert sent! (0.211%)
  [20:41:15] $87,597.02 | Spread: 0.192% | Alerts: 1 📤
  [20:41:32] $87,627.97 | Spread: 0.156% | Alerts: 1
  [20:41:49] $87,615.92 | Spread: 0.160% | Alerts: 1 📤
  [20:42:05] $87,617.50 | Spread: 0.177% | Alerts: 1
  [20:42:22] $87,629.38 | Spread: 0.204% | Alerts: 1 📤
  [20:42:39] $87,628.93 | Spread: 0.130% | Alerts: 1
  [20:42:55] $87,630.38 | Spread: 0.134% | Alerts: 1 📤
  [20:43:12] $87,615.21 | Spread: 0.167% | Alerts: 1
  [20:43:28] $87,582.82 | Spread: 0.128% | Alerts: 1 📤
  [20:43:46] $87,577.99 | Spread: 0.160% | Alerts: 1
  [20:44:02] $87,577.84 | Spread: 0.160% | Alerts: 1 📤
  [20:44:19] $87,572.33 | Spread: 0.165% | Alerts: 1
  [20:44:35] $87,568.95 | Spread: 0.162% | Alerts: 1 📤
  [20:44:53] $87,571.33 | Spread: 0.167% | Alerts: 1
  [20:45:09] $87,572.25 | Spread: 0.151% | Alerts: 1 📤
  [20:45:26] $87,577.92 | Spread: 0.157% | Alerts: 1
  [20:45:43] $87,578.41 | Spread: 0.159% | Alerts: 1 📤
  [20:46:00] $87,572.29 | Spread: 0.165% | Alerts: 1
  [20:46:16] $87,568.81 | Spread: 0.157% | Alerts: 1 📤
  [20:46:34] $87,578.24 | Spread: 0.195% | Alerts: 1
  [20:46:50] $87,583.47 | Spread: 0.207% | Alerts: 1  📊 Spread alert sent! (0.207%)
 📤
  [20:47:07] $87,594.99 | Spread: 0.171% | Alerts: 2
  [20:47:24] $87,593.95 | Spread: 0.169% | Alerts: 2 📤
  [20:47:41] $87,582.41 | Spread: 0.147% | Alerts: 2
  [20:47:57] $87,573.50 | Spread: 0.179% | Alerts: 2 📤
  [20:48:14] $87,602.40 | Spread: 0.164% | Alerts: 2
  [20:48:31] $87,621.33 | Spread: 0.212% | Alerts: 2 📤
  [20:48:48] $87,642.83 | Spread: 0.162% | Alerts: 2
  [20:49:04] $87,631.68 | Spread: 0.137% | Alerts: 2 📤
  [20:49:21] $87,623.09 | Spread: 0.156% | Alerts: 2
  [20:49:37] $87,622.82 | Spread: 0.157% | Alerts: 2 📤
  [20:49:54] $87,619.51 | Spread: 0.163% | Alerts: 2
  [20:50:11] $87,616.02 | Spread: 0.171% | Alerts: 2 📤
  [20:50:28] $87,614.24 | Spread: 0.146% | Alerts: 2
  [20:50:44] $87,606.88 | Spread: 0.162% | Alerts: 2 📤
  [20:51:01] $87,605.11 | Spread: 0.166% | Alerts: 2
  [20:51:17] $87,600.67 | Spread: 0.158% | Alerts: 2 📤
  [20:51:35] $87,596.30 | Spread: 0.168% | Alerts: 2
  [20:51:51] $87,605.68 | Spread: 0.159% | Alerts: 2 📤
  [20:52:08] $87,605.94 | Spread: 0.158% | Alerts: 2
  [20:52:24] $87,604.67 | Spread: 0.161% | Alerts: 2 📤
  [20:52:41] $87,592.71 | Spread: 0.175% | Alerts: 2
  [20:52:57] $87,605.67 | Spread: 0.159% | Alerts: 2 📤
  [20:53:14] $87,607.35 | Spread: 0.155% | Alerts: 2
  [20:53:31] $87,588.24 | Spread: 0.131% | Alerts: 2 📤
  [20:53:48] $87,566.87 | Spread: 0.161% | Alerts: 2
  [20:54:04] $87,571.12 | Spread: 0.168% | Alerts: 2 📤
  [20:54:22] $87,569.66 | Spread: 0.171% | Alerts: 2
  [20:54:38] $87,569.66 | Spread: 0.171% | Alerts: 2 📤
  [20:54:55] $87,563.50 | Spread: 0.167% | Alerts: 2
  [20:55:12] $87,571.26 | Spread: 0.167% | Alerts: 2 📤
  [20:55:28] $87,526.80 | Spread: 0.066% | Alerts: 2
  [20:55:45] $87,531.41 | Spread: 0.076% | Alerts: 2 📤
  [20:56:02] $87,482.96 | Spread: 0.148% | Alerts: 2
  [20:56:18] $87,502.39 | Spread: 0.196% | Alerts: 2 📤
  [20:56:35] $87,505.71 | Spread: 0.174% | Alerts: 2
  [20:56:52] $87,506.99 | Spread: 0.167% | Alerts: 2 📤
  [20:57:09] $87,506.58 | Spread: 0.153% | Alerts: 2
  [20:57:26] $87,501.32 | Spread: 0.168% | Alerts: 2 📤
  [20:57:42] $87,503.80 | Spread: 0.173% | Alerts: 2
  [20:57:59] $87,508.03 | Spread: 0.165% | Alerts: 2 📤
  [20:58:16] $87,513.14 | Spread: 0.168% | Alerts: 2
  [20:58:33] $87,519.30 | Spread: 0.184% | Alerts: 2 📤
  [20:58:49] $87,527.91 | Spread: 0.165% | Alerts: 2
  [20:59:06] $87,528.81 | Spread: 0.166% | Alerts: 2 📤
  [20:59:22] $87,518.00 | Spread: 0.142% | Alerts: 2
  [20:59:39] $87,504.68 | Spread: 0.138% | Alerts: 2 📤
  [20:59:56] $87,480.93 | Spread: 0.139% | Alerts: 2
  [21:00:12] $87,474.30 | Spread: 0.154% | Alerts: 2 📤
  [21:00:29] $87,472.40 | Spread: 0.186% | Alerts: 2
  [21:00:46] $87,453.47 | Spread: 0.171% | Alerts: 2 📤
  [21:01:03] $87,436.63 | Spread: 0.168% | Alerts: 2
  [21:01:19] $87,437.99 | Spread: 0.165% | Alerts: 2 📤
  [21:01:36] $87,447.54 | Spread: 0.196% | Alerts: 2
  [21:01:53] $87,440.54 | Spread: 0.180% | Alerts: 2 📤
  [21:02:09] $87,439.11 | Spread: 0.176% | Alerts: 2
  [21:02:26] $87,441.22 | Spread: 0.181% | Alerts: 2 📤
  [21:02:43] $87,458.36 | Spread: 0.188% | Alerts: 2
  [21:02:59] $87,466.25 | Spread: 0.174% | Alerts: 2 📤
  [21:03:16] $87,456.60 | Spread: 0.188% | Alerts: 2
  [21:03:33] $87,455.57 | Spread: 0.185% | Alerts: 2 📤
  [21:03:50] $87,450.54 | Spread: 0.161% | Alerts: 2
  [21:04:06] $87,438.14 | Spread: 0.176% | Alerts: 2 📤
  [21:04:23] $87,439.12 | Spread: 0.194% | Alerts: 2
  [21:04:40] $87,440.91 | Spread: 0.173% | Alerts: 2 📤
  [21:04:57] $87,426.55 | Spread: 0.154% | Alerts: 2
  [21:05:13] $87,430.52 | Spread: 0.194% | Alerts: 2 📤
  [21:05:30] $87,428.67 | Spread: 0.149% | Alerts: 2
  [21:05:46] $87,412.00 | Spread: 0.156% | Alerts: 2 📤
  [21:06:03] $87,396.66 | Spread: 0.166% | Alerts: 2
  [21:06:20] $87,402.34 | Spread: 0.162% | Alerts: 2 📤
  [21:06:37] $87,391.47 | Spread: 0.159% | Alerts: 2
  [21:06:53] $87,392.83 | Spread: 0.183% | Alerts: 2 📤
  [21:07:10] $87,383.55 | Spread: 0.152% | Alerts: 2
  [21:07:27] $87,381.79 | Spread: 0.176% | Alerts: 2 📤
  [21:07:44] $87,385.15 | Spread: 0.184% | Alerts: 2
  [21:08:00] $87,385.15 | Spread: 0.184% | Alerts: 2 📤
  [21:08:17] $87,371.66 | Spread: 0.158% | Alerts: 2
  [21:08:34] $87,382.45 | Spread: 0.180% | Alerts: 2 📤
  [21:08:51] $87,384.79 | Spread: 0.193% | Alerts: 2
  [21:09:07] $87,391.18 | Spread: 0.178% | Alerts: 2 📤
  [21:09:24] $87,372.63 | Spread: 0.166% | Alerts: 2
  [21:09:40] $87,390.93 | Spread: 0.172% | Alerts: 2 📤
  [21:09:57] $87,384.76 | Spread: 0.180% | Alerts: 2
  [21:10:14] $87,385.46 | Spread: 0.173% | Alerts: 2 📤
  [21:10:31] $87,356.00 | Spread: 0.127% | Alerts: 2
  [21:10:47] $87,352.79 | Spread: 0.169% | Alerts: 2 📤
  [21:11:04] $87,353.43 | Spread: 0.172% | Alerts: 2
  [21:11:20] $87,365.55 | Spread: 0.191% | Alerts: 2 📤
  [21:11:37] $87,369.53 | Spread: 0.194% | Alerts: 2
  [21:11:53] $87,383.07 | Spread: 0.163% | Alerts: 2 📤
  [21:12:10] $87,386.90 | Spread: 0.171% | Alerts: 2
  [21:12:26] $87,393.91 | Spread: 0.187% | Alerts: 2 📤
  [21:12:43] $87,367.72 | Spread: 0.173% | Alerts: 2
  [21:13:00] $87,381.00 | Spread: 0.158% | Alerts: 2 📤
  [21:13:17] $87,377.02 | Spread: 0.187% | Alerts: 2
  [21:13:33] $87,389.60 | Spread: 0.191% | Alerts: 2 📤
  [21:13:50] $87,378.49 | Spread: 0.195% | Alerts: 2
  [21:14:07] $87,404.31 | Spread: 0.170% | Alerts: 2 📤
  [21:14:24] $87,414.66 | Spread: 0.195% | Alerts: 2
  [21:14:40] $87,436.09 | Spread: 0.184% | Alerts: 2 📤
  [21:14:57] $87,421.29 | Spread: 0.239% | Alerts: 2  📊 Spread alert sent! (0.239%)
  [21:15:14] $87,467.27 | Spread: 0.172% | Alerts: 3 📤
  [21:15:31] $87,473.09 | Spread: 0.164% | Alerts: 3
  [21:15:48] $87,472.77 | Spread: 0.180% | Alerts: 3 📤
  [21:16:05] $87,430.15 | Spread: 0.193% | Alerts: 3
  [21:16:22] $87,450.58 | Spread: 0.165% | Alerts: 3 📤
  [21:16:38] $87,448.03 | Spread: 0.202% | Alerts: 3
  [21:16:55] $87,444.25 | Spread: 0.193% | Alerts: 3 📤
  [21:17:12] $87,444.55 | Spread: 0.171% | Alerts: 3
  [21:17:28] $87,448.49 | Spread: 0.201% | Alerts: 3 📤
  [21:17:45] $87,457.98 | Spread: 0.180% | Alerts: 3
  [21:18:02] $87,453.83 | Spread: 0.155% | Alerts: 3 📤
  [21:18:18] $87,425.60 | Spread: 0.171% | Alerts: 3
  [21:18:35] $87,441.71 | Spread: 0.201% | Alerts: 3 📤
  [21:18:52] $87,441.71 | Spread: 0.201% | Alerts: 3
  [21:19:08] $87,450.58 | Spread: 0.175% | Alerts: 3 📤
  [21:19:25] $87,448.23 | Spread: 0.180% | Alerts: 3
  [21:19:41] $87,423.74 | Spread: 0.154% | Alerts: 3 📤
  [21:19:58] $87,422.91 | Spread: 0.149% | Alerts: 3
  [21:20:14] $87,406.31 | Spread: 0.162% | Alerts: 3 📤
  [21:20:31] $87,398.70 | Spread: 0.178% | Alerts: 3
  [21:20:48] $87,397.84 | Spread: 0.175% | Alerts: 3 📤
  [21:21:04] $87,395.00 | Spread: 0.167% | Alerts: 3
  [21:21:21] $87,378.46 | Spread: 0.174% | Alerts: 3 📤
  [21:21:38] $87,371.07 | Spread: 0.181% | Alerts: 3
  [21:21:54] $87,365.85 | Spread: 0.172% | Alerts: 3 📤
  [21:22:11] $87,365.87 | Spread: 0.172% | Alerts: 3
  [21:22:28] $87,364.02 | Spread: 0.179% | Alerts: 3 📤
  [21:22:45] $87,382.98 | Spread: 0.204% | Alerts: 3  📊 Spread alert sent! (0.204%)
  [21:23:02] $87,406.23 | Spread: 0.202% | Alerts: 4 📤
  [21:23:19] $87,425.54 | Spread: 0.223% | Alerts: 4
  [21:23:35] $87,440.94 | Spread: 0.173% | Alerts: 4 📤
  [21:23:52] $87,400.93 | Spread: 0.195% | Alerts: 4
  [21:24:08] $87,398.54 | Spread: 0.195% | Alerts: 4 📤
  [21:24:25] $87,431.39 | Spread: 0.177% | Alerts: 4
  [21:24:41] $87,427.01 | Spread: 0.167% | Alerts: 4 📤
  [21:24:58] $87,423.02 | Spread: 0.176% | Alerts: 4
  [21:25:14] $87,410.51 | Spread: 0.159% | Alerts: 4 📤
  [21:25:31] $87,386.43 | Spread: 0.171% | Alerts: 4
  [21:25:48] $87,383.95 | Spread: 0.177% | Alerts: 4 📤
  [21:26:04] $87,396.98 | Spread: 0.172% | Alerts: 4
  [21:26:21] $87,394.75 | Spread: 0.177% | Alerts: 4 📤
  [21:26:38] $87,392.98 | Spread: 0.181% | Alerts: 4
  [21:26:54] $87,393.98 | Spread: 0.178% | Alerts: 4 📤
  [21:27:11] $87,378.65 | Spread: 0.178% | Alerts: 4
  [21:27:28] $87,378.65 | Spread: 0.179% | Alerts: 4 📤
  [21:27:44] $87,388.06 | Spread: 0.174% | Alerts: 4
  [21:28:01] $87,390.19 | Spread: 0.194% | Alerts: 4 📤
  [21:28:18] $87,412.07 | Spread: 0.211% | Alerts: 4  📊 Spread alert sent! (0.211%)
  [21:28:34] $87,386.79 | Spread: 0.190% | Alerts: 5 📤
  [21:28:51] $87,383.21 | Spread: 0.180% | Alerts: 5
  [21:29:08] $87,403.50 | Spread: 0.177% | Alerts: 5 📤
  [21:29:25] $87,408.32 | Spread: 0.188% | Alerts: 5
  [21:29:41] $87,410.41 | Spread: 0.189% | Alerts: 5 📤
  [21:29:58] $87,419.28 | Spread: 0.177% | Alerts: 5
  [21:30:14] $87,381.41 | Spread: 0.166% | Alerts: 5 📤
  [21:30:31] $87,377.02 | Spread: 0.181% | Alerts: 5
  [21:30:47] $87,380.00 | Spread: 0.160% | Alerts: 5 📤
  [21:31:04] $87,375.46 | Spread: 0.171% | Alerts: 5
  [21:31:20] $87,385.75 | Spread: 0.194% | Alerts: 5 📤
  [21:31:37] $87,372.55 | Spread: 0.174% | Alerts: 5
  [21:31:54] $87,378.82 | Spread: 0.193% | Alerts: 5 📤
  [21:32:11] $87,399.90 | Spread: 0.179% | Alerts: 5
  [21:32:28] $87,417.30 | Spread: 0.218% | Alerts: 5 📤
  [21:32:45] $87,442.78 | Spread: 0.221% | Alerts: 5
  [21:33:01] $87,442.79 | Spread: 0.158% | Alerts: 5 📤
  [21:33:18] $87,397.29 | Spread: 0.183% | Alerts: 5
  [21:33:35] $87,381.90 | Spread: 0.181% | Alerts: 5 📤
  [21:33:52] $87,395.63 | Spread: 0.174% | Alerts: 5
  [21:34:08] $87,384.31 | Spread: 0.148% | Alerts: 5 📤
  [21:34:25] $87,366.39 | Spread: 0.166% | Alerts: 5
  [21:34:42] $87,361.33 | Spread: 0.147% | Alerts: 5 📤
  [21:34:58] $87,353.05 | Spread: 0.169% | Alerts: 5
  [21:35:15] $87,341.99 | Spread: 0.179% | Alerts: 5 📤
  [21:35:32] $87,344.84 | Spread: 0.172% | Alerts: 5
  [21:35:48] $87,343.09 | Spread: 0.186% | Alerts: 5 📤
  [21:36:05] $87,336.66 | Spread: 0.169% | Alerts: 5
  [21:36:22] $87,333.70 | Spread: 0.164% | Alerts: 5 📤
  [21:36:39] $87,273.49 | Spread: 0.196% | Alerts: 5
  [21:36:55] $87,285.50 | Spread: 0.173% | Alerts: 5 📤
  [21:37:12] $87,288.64 | Spread: 0.180% | Alerts: 5
  [21:37:29] $87,302.82 | Spread: 0.202% | Alerts: 5  📊 Spread alert sent! (0.202%)
 📤
  [21:37:46] $87,290.90 | Spread: 0.167% | Alerts: 6
  [21:38:02] $87,273.13 | Spread: 0.165% | Alerts: 6 📤
  [21:38:20] $87,274.07 | Spread: 0.175% | Alerts: 6
  [21:38:36] $87,255.99 | Spread: 0.172% | Alerts: 6 📤
  [21:38:53] $87,262.94 | Spread: 0.165% | Alerts: 6
  [21:39:10] $87,262.88 | Spread: 0.173% | Alerts: 6 📤
  [21:39:26] $87,266.39 | Spread: 0.165% | Alerts: 6
  [21:39:43] $87,264.28 | Spread: 0.170% | Alerts: 6 📤
  [21:40:00] $87,249.85 | Spread: 0.173% | Alerts: 6
  [21:40:17] $87,242.78 | Spread: 0.142% | Alerts: 6 📤
  [21:40:34] $87,234.54 | Spread: 0.184% | Alerts: 6
  [21:40:51] $87,211.07 | Spread: 0.140% | Alerts: 6 📤
  [21:41:08] $87,200.12 | Spread: 0.208% | Alerts: 6
  [21:41:24] $87,231.79 | Spread: 0.222% | Alerts: 6 📤
  [21:41:41] $87,258.71 | Spread: 0.200% | Alerts: 6
  [21:41:58] $87,246.99 | Spread: 0.135% | Alerts: 6 📤
  [21:42:15] $87,236.12 | Spread: 0.207% | Alerts: 6
  [21:42:31] $87,225.22 | Spread: 0.223% | Alerts: 6  📊 Spread alert sent! (0.223%)
 📤
  [21:42:48] $87,266.05 | Spread: 0.238% | Alerts: 7
  [21:43:05] $87,288.00 | Spread: 0.165% | Alerts: 7 📤
  [21:43:22] $87,282.56 | Spread: 0.177% | Alerts: 7
  [21:43:38] $87,253.38 | Spread: 0.240% | Alerts: 7 📤
  [21:43:55] $87,323.02 | Spread: 0.225% | Alerts: 7
  [21:44:11] $87,337.34 | Spread: 0.188% | Alerts: 7 📤
  [21:44:28] $87,347.99 | Spread: 0.188% | Alerts: 7
  [21:44:45] $87,344.55 | Spread: 0.184% | Alerts: 7 📤
  [21:45:02] $87,313.88 | Spread: 0.231% | Alerts: 7
  [21:45:18] $87,347.32 | Spread: 0.159% | Alerts: 7 📤
  [21:45:35] $87,343.04 | Spread: 0.168% | Alerts: 7
  [21:45:51] $87,336.90 | Spread: 0.208% | Alerts: 7 📤
  [21:46:08] $87,350.86 | Spread: 0.176% | Alerts: 7
  [21:46:25] $87,317.27 | Spread: 0.189% | Alerts: 7 📤
  [21:46:42] $87,331.09 | Spread: 0.154% | Alerts: 7
  [21:46:58] $87,319.45 | Spread: 0.180% | Alerts: 7 📤
  [21:47:15] $87,334.71 | Spread: 0.189% | Alerts: 7
  [21:47:31] $87,318.81 | Spread: 0.180% | Alerts: 7 📤
  [21:47:48] $87,338.61 | Spread: 0.180% | Alerts: 7
  [21:48:04] $87,329.19 | Spread: 0.159% | Alerts: 7 📤
  [21:48:21] $87,323.48 | Spread: 0.206% | Alerts: 7  📊 Spread alert sent! (0.206%)
  [21:48:38] $87,336.52 | Spread: 0.185% | Alerts: 8 📤
  [21:48:54] $87,307.89 | Spread: 0.171% | Alerts: 8
  [21:49:11] $87,324.44 | Spread: 0.180% | Alerts: 8 📤
  [21:49:29] $87,313.64 | Spread: 0.179% | Alerts: 8
  [21:49:45] $87,317.30 | Spread: 0.187% | Alerts: 8 📤
  [21:50:02] $87,321.58 | Spread: 0.204% | Alerts: 8
  [21:50:18] $87,300.78 | Spread: 0.193% | Alerts: 8 📤
  [21:50:36] $87,313.54 | Spread: 0.198% | Alerts: 8
  [21:50:52] $87,322.36 | Spread: 0.193% | Alerts: 8 📤
  [21:51:09] $87,341.54 | Spread: 0.182% | Alerts: 8
  [21:51:26] $87,313.22 | Spread: 0.191% | Alerts: 8 📤
  [21:51:42] $87,332.86 | Spread: 0.169% | Alerts: 8
  [21:51:59] $87,334.32 | Spread: 0.166% | Alerts: 8 📤
  [21:52:16] $87,338.92 | Spread: 0.220% | Alerts: 8
  [21:52:32] $87,331.60 | Spread: 0.211% | Alerts: 8 📤
  [21:52:49] $87,371.68 | Spread: 0.195% | Alerts: 8
  [21:53:06] $87,377.39 | Spread: 0.182% | Alerts: 8 📤
  [21:53:23] $87,387.89 | Spread: 0.215% | Alerts: 8  📊 Spread alert sent! (0.215%)
  [21:53:40] $87,403.25 | Spread: 0.217% | Alerts: 9 📤
  [21:53:57] $87,382.60 | Spread: 0.238% | Alerts: 9
  [21:54:13] $87,434.03 | Spread: 0.201% | Alerts: 9 📤
  [21:54:30] $87,444.46 | Spread: 0.182% | Alerts: 9
  [21:54:47] $87,446.87 | Spread: 0.177% | Alerts: 9 📤
  [21:55:04] $87,442.17 | Spread: 0.183% | Alerts: 9
  [21:55:20] $87,408.42 | Spread: 0.280% | Alerts: 9 📤
  [21:55:37] $87,491.76 | Spread: 0.287% | Alerts: 9
  [21:55:53] $87,525.99 | Spread: 0.255% | Alerts: 9 📤
  [21:56:10] $87,567.51 | Spread: 0.187% | Alerts: 9
  [21:56:27] $87,568.76 | Spread: 0.184% | Alerts: 9 📤
  [21:56:44] $87,544.89 | Spread: 0.144% | Alerts: 9
  [21:57:00] $87,546.80 | Spread: 0.234% | Alerts: 9 📤
  [21:57:17] $87,572.47 | Spread: 0.207% | Alerts: 9
  [21:57:34] $87,581.61 | Spread: 0.186% | Alerts: 9 📤
  [21:57:50] $87,530.66 | Spread: 0.318% | Alerts: 9
  [21:58:07] $87,603.69 | Spread: 0.180% | Alerts: 9 📤
  [21:58:24] $87,610.42 | Spread: 0.212% | Alerts: 9  📊 Spread alert sent! (0.212%)
  [21:58:41] $87,615.07 | Spread: 0.153% | Alerts: 10 📤
  [21:58:57] $87,568.43 | Spread: 0.221% | Alerts: 10
  [21:59:14] $87,593.12 | Spread: 0.121% | Alerts: 10 📤
  [21:59:31] $87,573.16 | Spread: 0.174% | Alerts: 10
  [21:59:47] $87,595.70 | Spread: 0.239% | Alerts: 10 📤
  [22:00:04] $87,618.91 | Spread: 0.166% | Alerts: 10
  [22:00:21] $87,583.26 | Spread: 0.222% | Alerts: 10 📤
  [22:00:38] $87,620.13 | Spread: 0.137% | Alerts: 10
  [22:00:55] $87,604.63 | Spread: 0.178%  [21:53:06] $87,37  [22:01:12] $87,619.97 | Spread: 0.201% | Alerts: 10
  [22:01:28] $87,632.93 | Spread: 0.171% | Alerts: 10 📤
  [22:01:45] $87,630.46 | Spread: 0.159% | Alerts: 10
  [22:02:02] $87,621.86 | Spread: 0.201% | Alerts: 10 📤
  [22:02:19] $87,672.52 | Spread: 0.152% | Alerts: 10
  [22:02:36] $87,657.05 | Spread: 0.162% | Alerts: 10 📤
  [22:02:52] $87,653.07 | Spread: 0.199% | Alerts: 10
  [22:03:09] $87,665.40 | Spread: 0.170% | Alerts: 10 📤
  [22:03:26] $87,663.54 | Spread: 0.175% | Alerts: 10
  [22:03:43] $87,630.63 | Spread: 0.208% | Alerts: 10  📊 Spread alert sent! (0.208%)
 📤
  [22:04:04] $87,664.09 | Spread: 0.171% | Alerts: 11
  [22:04:21] $87,642.74 | Spread: 0.166% | Alerts: 11 📤
  [22:04:38] $87,635.31 | Spread: 0.170% | Alerts: 11
  [22:04:55] $87,625.13 | Spread: 0.182% | Alerts: 11 📤
  [22:05:13] $87,661.00 | Spread: 0.220% | Alerts: 11
  [22:05:29] $87,681.75 | Spread: 0.189% | Alerts: 11 📤
  [22:05:46] $87,686.57 | Spread: 0.172% | Alerts: 11
  [22:06:02] $87,674.38 | Spread: 0.166% | Alerts: 11 📤
  [22:06:22] $87,687.39 | Spread: 0.190% | Alerts: 11
  [22:06:39] $87,691.02 | Spread: 0.181% | Alerts: 11 📤
  [22:06:58] $87,704.03 | Spread: 0.199% | Alerts: 11
  [22:07:14] $87,713.60 | Spread: 0.177% | Alerts: 11 📤
  [22:07:31] $87,710.31 | Spread: 0.181% | Alerts: 11
  [22:07:48] $87,697.72 | Spread: 0.152% | Alerts: 11 📤
  [22:08:05] $87,664.44 | Spread: 0.140% | Alerts: 11
  [22:08:22] $87,654.90 | Spread: 0.185% | Alerts: 11 📤
  [22:08:39] $87,655.27 | Spread: 0.190% | Alerts: 11
  [22:08:56] $87,654.72 | Spread: 0.160% | Alerts: 11 📤
  [22:09:13] $87,650.46 | Spread: 0.170% | Alerts: 11
  [22:09:30] $87,648.26 | Spread: 0.168% | Alerts: 11 📤
  [22:09:47] $87,632.18 | Spread: 0.163% | Alerts: 11
  [22:10:03] $87,641.59 | Spread: 0.166% | Alerts: 11 📤
  [22:10:20] $87,641.58 | Spread: 0.166% | Alerts: 11
  [22:10:37] $87,644.41 | Spread: 0.191% | Alerts: 11 📤
  [22:10:53] $87,618.98 | Spread: 0.187% | Alerts: 11
  [22:11:10] $87,639.17 | Spread: 0.190% | Alerts: 11 📤
  [22:11:27] $87,634.29 | Spread: 0.181% | Alerts: 11
  [22:11:43] $87,644.24 | Spread: 0.188% | Alerts: 11 📤
  [22:12:00] $87,648.54 | Spread: 0.199% | Alerts: 11
  [22:12:17] $87,657.95 | Spread: 0.178% | Alerts: 11 📤
  [22:12:34] $87,661.24 | Spread: 0.184% | Alerts: 11
  [22:12:51] $87,659.80 | Spread: 0.178% | Alerts: 11 📤
  [22:13:08] $87,645.11 | Spread: 0.153% | Alerts: 11
  [22:13:25] $87,624.67 | Spread: 0.169% | Alerts: 11 📤
  [22:13:42] $87,644.31 | Spread: 0.173% | Alerts: 11
  [22:13:58] $87,644.31 | Spread: 0.173% | Alerts: 11 📤
  [22:14:15] $87,652.38 | Spread: 0.191% | Alerts: 11
  [22:14:31] $87,638.68 | Spread: 0.199% | Alerts: 11 📤
  [22:14:48] $87,675.95 | Spread: 0.173% | Alerts: 11
  [22:15:05] $87,670.93 | Spread: 0.162% | Alerts: 11 📤
  [22:15:22] $87,662.28 | Spread: 0.151% | Alerts: 11
  [22:15:38] $87,630.85 | Spread: 0.167% | Alerts: 11 📤
  [22:15:55] $87,652.07 | Spread: 0.175% | Alerts: 11
  [22:16:12] $87,652.07 | Spread: 0.175% | Alerts: 11 📤
  [22:16:29] $87,648.69 | Spread: 0.182% | Alerts: 11
  [22:16:46] $87,629.80 | Spread: 0.182% | Alerts: 11 📤
  [22:17:02] $87,651.02 | Spread: 0.177% | Alerts: 11
  [22:17:19] $87,651.08 | Spread: 0.177% | Alerts: 11 📤
  [22:17:36] $87,651.08 | Spread: 0.177% | Alerts: 11
  [22:17:52] $87,650.63 | Spread: 0.176% | Alerts: 11 📤
  [22:18:09] $87,632.80 | Spread: 0.194% | Alerts: 11
  [22:18:25] $87,661.38 | Spread: 0.206% | Alerts: 11  📊 Spread alert sent! (0.206%)
 📤
  [22:18:42] $87,677.25 | Spread: 0.171% | Alerts: 12
  [22:18:59] $87,675.01 | Spread: 0.176% | Alerts: 12 📤
  [22:19:16] $87,646.29 | Spread: 0.186% | Alerts: 12
  [22:19:32] $87,672.83 | Spread: 0.181% | Alerts: 12 📤
  [22:19:49] $87,676.48 | Spread: 0.172% | Alerts: 12
  [22:20:05] $87,673.99 | Spread: 0.178% | Alerts: 12 📤
  [22:20:22] $87,669.93 | Spread: 0.173% | Alerts: 12
  [22:20:39] $87,679.91 | Spread: 0.223% | Alerts: 12 📤
  [22:20:56] $87,681.09 | Spread: 0.226% | Alerts: 12
  [22:21:12] $87,705.77 | Spread: 0.170% | Alerts: 12 📤
  [22:21:29] $87,701.12 | Spread: 0.180% | Alerts: 12
  [22:21:45] $87,702.24 | Spread: 0.178% | Alerts: 12 📤
  [22:22:02] $87,701.07 | Spread: 0.174% | Alerts: 12
  [22:22:18] $87,701.07 | Spread: 0.174% | Alerts: 12 📤
  [22:22:35] $87,695.79 | Spread: 0.187% | Alerts: 12
  [22:22:52] $87,671.85 | Spread: 0.187% | Alerts: 12 📤
  [22:23:08] $87,698.19 | Spread: 0.181% | Alerts: 12
  [22:23:25] $87,696.73 | Spread: 0.184% | Alerts: 12 📤
  [22:23:42] $87,698.35 | Spread: 0.181% | Alerts: 12
  [22:23:58] $87,674.43 | Spread: 0.181% | Alerts: 12 📤
  [22:24:15] $87,697.05 | Spread: 0.184% | Alerts: 12
  [22:24:31] $87,697.78 | Spread: 0.182% | Alerts: 12 📤
  [22:24:48] $87,683.23 | Spread: 0.161% | Alerts: 12
  [22:25:05] $87,673.69 | Spread: 0.182% | Alerts: 12 📤
  [22:25:22] $87,673.21 | Spread: 0.183% | Alerts: 12
  [22:25:38] $87,673.56 | Spread: 0.183% | Alerts: 12 📤
  [22:25:55] $87,674.17 | Spread: 0.181% | Alerts: 12
  [22:26:11] $87,674.17 | Spread: 0.181% | Alerts: 12 📤
  [22:26:28] $87,658.26 | Spread: 0.198% | Alerts: 12
  [22:26:44] $87,685.23 | Spread: 0.189% | Alerts: 12 📤
  [22:27:02] $87,689.02 | Spread: 0.180% | Alerts: 12
  [22:27:18] $87,689.02 | Spread: 0.180% | Alerts: 12 📤
  [22:27:35] $87,663.44 | Spread: 0.181% | Alerts: 12
  [22:27:52] $87,690.66 | Spread: 0.176% | Alerts: 12 📤
  [22:28:09] $87,689.98 | Spread: 0.178% | Alerts: 12
  [22:28:25] $87,691.37 | Spread: 0.175% | Alerts: 12 📤
  [22:28:42] $87,666.42 | Spread: 0.177% | Alerts: 12
  [22:28:59] $87,689.68 | Spread: 0.179% | Alerts: 12 📤
  [22:29:16] $87,687.82 | Spread: 0.183% | Alerts: 12
  [22:29:32] $87,682.41 | Spread: 0.175% | Alerts: 12 📤
  [22:29:49] $87,683.26 | Spread: 0.173% | Alerts: 12
  [22:30:06] $87,662.54 | Spread: 0.173% | Alerts: 12 📤
  [22:30:23] $87,684.61 | Spread: 0.170% | Alerts: 12
  [22:30:39] $87,684.62 | Spread: 0.170% | Alerts: 12 📤
  [22:30:56] $87,684.63 | Spread: 0.170% | Alerts: 12
  [22:31:12] $87,685.03 | Spread: 0.169% | Alerts: 12 📤
  [22:31:29] $87,688.89 | Spread: 0.181% | Alerts: 12
  [22:31:45] $87,689.98 | Spread: 0.178% | Alerts: 12 📤
  [22:32:03] $87,698.54 | Spread: 0.193% | Alerts: 12
  [22:32:20] $87,700.65 | Spread: 0.198% | Alerts: 12 📤
  [22:32:37] $87,703.43 | Spread: 0.182% | Alerts: 12
  [22:32:53] $87,704.52 | Spread: 0.179% | Alerts: 12 📤
  [22:33:10] $87,706.51 | Spread: 0.174% | Alerts: 12
  [22:33:27] $87,705.07 | Spread: 0.178% | Alerts: 12 📤
  [22:33:44] $87,685.73 | Spread: 0.193% | Alerts: 12
  [22:34:00] $87,716.14 | Spread: 0.171% | Alerts: 12 📤
  [22:34:17] $87,716.36 | Spread: 0.171% | Alerts: 12
  [22:34:33] $87,717.66 | Spread: 0.168% | Alerts: 12 📤
  [22:34:50] $87,718.47 | Spread: 0.166% | Alerts: 12
  [22:35:06] $87,696.09 | Spread: 0.173% | Alerts: 12 📤
  [22:35:24] $87,721.29 | Spread: 0.169% | Alerts: 12
  [22:35:40] $87,723.34 | Spread: 0.167% | Alerts: 12 📤
  [22:35:57] $87,725.60 | Spread: 0.162% | Alerts: 12
  [22:36:13] $87,702.91 | Spread: 0.161% | Alerts: 12 📤
  [22:36:30] $87,725.34 | Spread: 0.163% | Alerts: 12
  [22:36:46] $87,726.38 | Spread: 0.165% | Alerts: 12 📤
  [22:37:03] $87,728.21 | Spread: 0.169% | Alerts: 12
  [22:37:19] $87,728.74 | Spread: 0.168% | Alerts: 12 📤
  [22:37:36] $87,725.79 | Spread: 0.168% | Alerts: 12
  [22:37:53] $87,729.71 | Spread: 0.170% | Alerts: 12 📤
  [22:38:09] $87,732.45 | Spread: 0.176% | Alerts: 12
  [22:38:26] $87,732.45 | Spread: 0.176% | Alerts: 12 📤
  [22:38:43] $87,719.35 | Spread: 0.206% | Alerts: 12  📊 Spread alert sent! (0.206%)
  [22:38:59] $87,767.46 | Spread: 0.176% | Alerts: 13 📤
  [22:39:17] $87,771.09 | Spread: 0.187% | Alerts: 13
  [22:39:33] $87,770.99 | Spread: 0.148% | Alerts: 13 📤
  [22:39:50] $87,758.99 | Spread: 0.175% | Alerts: 13
  [22:40:07] $87,743.11 | Spread: 0.186% | Alerts: 13 📤
  [22:40:24] $87,763.67 | Spread: 0.186% | Alerts: 13
  [22:40:40] $87,767.81 | Spread: 0.177% | Alerts: 13 📤
  [22:40:57] $87,767.81 | Spread: 0.177% | Alerts: 13
